<?xml version="1.0" encoding="UTF-8"?>
<!-- Generated by org.testng.reporters.JUnitReportReporter -->
<testsuite hostname="DESKTOP-2NOVUGK" failures="0" tests="1" name="RestTesting.Ecommerce" time="2.287" errors="0" timestamp="16 Mar 2022 18:38:31 GMT">
  <testcase classname="RestTesting.Ecommerce" name="signup" time="2.287"/>
</testsuite> <!-- RestTesting.Ecommerce -->
